<test-run id="2" testcasecount="0" result="Passed" start-time="2023-07-17 09:31:25.110019" end-time="2023-07-17 09:31:25.170419" duration="0" total="0" passed="0" failed="0" inconclusive="0" skipped="0" asserts="0" clr-version="3.11.3 (tags/v3.11.3:f3909b8, Apr  4 2023, 23:49:59) [MSC v.1934 64 bit (AMD64)]" engine-version="3.6.2"><command-line>C:\Users\Adriano\WorkSpaceUNI\srs-opensky\srs-opensky\.venv\Scripts\pytest</command-line><filter /></test-run>